INFO:Logger:Environment: CartPole-v1
INFO:Logger:Agent: DQN Agent with Prioritized Replay Memory
INFO:Logger:Learning rate: 0.0025
INFO:Logger:Gamma: 0.9
INFO:Logger:Epsilon: 1.0
INFO:Logger:Epsilon decay: 0.001
INFO:Logger:Minimum epsilon: 0.01
INFO:Logger:Device used: cuda
INFO:Logger:[TRAIN][ep 1/1000][TIMESTEP 18]: 18.0
INFO:Logger:[TRAIN][ep 2/1000][TIMESTEP 15]: 15.0
INFO:Logger:[TRAIN][ep 3/1000][TIMESTEP 11]: 11.0
INFO:Logger:[TRAIN][ep 4/1000][TIMESTEP 32]: 32.0
INFO:Logger:[TRAIN][ep 5/1000][TIMESTEP 34]: 34.0
INFO:Logger:[TRAIN][ep 6/1000][TIMESTEP 11]: 11.0
INFO:Logger:[TRAIN][ep 7/1000][TIMESTEP 55]: 55.0
INFO:Logger:[TRAIN][ep 8/1000][TIMESTEP 10]: 10.0
INFO:Logger:[TRAIN][ep 9/1000][TIMESTEP 13]: 13.0
INFO:Logger:[TRAIN][ep 10/1000][TIMESTEP 131]: 131.0
INFO:Logger:[TRAIN][ep 11/1000][TIMESTEP 38]: 38.0
INFO:Logger:[TRAIN][ep 12/1000][TIMESTEP 40]: 40.0
INFO:Logger:[TRAIN][ep 13/1000][TIMESTEP 119]: 119.0
INFO:Logger:[TRAIN][ep 14/1000][TIMESTEP 500]: 500.0
INFO:Logger:[TRAIN][ep 15/1000][TIMESTEP 500]: 500.0
INFO:Logger:[TRAIN][ep 16/1000][TIMESTEP 500]: 500.0
INFO:Logger:[TRAIN][ep 17/1000][TIMESTEP 500]: 500.0
INFO:Logger:[TRAIN][ep 18/1000][TIMESTEP 500]: 500.0
INFO:Logger:[TRAIN][ep 19/1000][TIMESTEP 500]: 500.0
INFO:Logger:[TRAIN][ep 20/1000][TIMESTEP 500]: 500.0
INFO:Logger:[TRAIN][ep 21/1000][TIMESTEP 500]: 500.0
INFO:Logger:[TRAIN][ep 22/1000][TIMESTEP 500]: 500.0
INFO:Logger:[TRAIN][ep 23/1000][TIMESTEP 500]: 500.0
INFO:Logger:[TRAIN][ep 24/1000][TIMESTEP 500]: 500.0
INFO:Logger:[TRAIN][ep 25/1000][TIMESTEP 500]: 500.0
INFO:Logger:[TRAIN][ep 26/1000][TIMESTEP 500]: 500.0
INFO:Logger:[TRAIN][ep 27/1000][TIMESTEP 500]: 500.0
INFO:Logger:[TRAIN][ep 28/1000][TIMESTEP 500]: 500.0
INFO:Logger:[TRAIN][ep 29/1000][TIMESTEP 500]: 500.0
INFO:Logger:[TRAIN][ep 30/1000][TIMESTEP 500]: 500.0
INFO:Logger:[TRAIN][ep 31/1000][TIMESTEP 500]: 500.0
INFO:Logger:[TRAIN][ep 32/1000][TIMESTEP 500]: 500.0
INFO:Logger:[TRAIN][ep 33/1000][TIMESTEP 500]: 500.0
INFO:Logger:[TRAIN][ep 34/1000][TIMESTEP 500]: 500.0
INFO:Logger:[TRAIN][ep 35/1000][TIMESTEP 500]: 500.0
INFO:Logger:[TRAIN][ep 36/1000][TIMESTEP 500]: 500.0
INFO:Logger:[TRAIN][ep 37/1000][TIMESTEP 500]: 500.0
INFO:Logger:[TRAIN][ep 38/1000][TIMESTEP 500]: 500.0
INFO:Logger:[TRAIN][ep 39/1000][TIMESTEP 500]: 500.0
INFO:Logger:[TRAIN][ep 40/1000][TIMESTEP 500]: 500.0
INFO:Logger:[TRAIN][ep 41/1000][TIMESTEP 500]: 500.0
INFO:Logger:[TRAIN][ep 42/1000][TIMESTEP 500]: 500.0
INFO:Logger:[TRAIN][ep 43/1000][TIMESTEP 500]: 500.0
INFO:Logger:[TRAIN][ep 44/1000][TIMESTEP 500]: 500.0
INFO:Logger:[TRAIN][ep 45/1000][TIMESTEP 500]: 500.0
INFO:Logger:[TRAIN][ep 46/1000][TIMESTEP 500]: 500.0
INFO:Logger:[TRAIN][ep 47/1000][TIMESTEP 500]: 500.0
INFO:Logger:[TRAIN][ep 48/1000][TIMESTEP 500]: 500.0
INFO:Logger:[TRAIN][ep 49/1000][TIMESTEP 481]: 481.0
INFO:Logger:[TRAIN][ep 50/1000][TIMESTEP 500]: 500.0
INFO:Logger:[TRAIN][ep 51/1000][TIMESTEP 394]: 394.0
INFO:Logger:[TRAIN][ep 52/1000][TIMESTEP 386]: 386.0
INFO:Logger:[TRAIN][ep 53/1000][TIMESTEP 478]: 478.0
INFO:Logger:[TRAIN][ep 54/1000][TIMESTEP 458]: 458.0
INFO:Logger:[TRAIN][ep 55/1000][TIMESTEP 464]: 464.0
INFO:Logger:[TRAIN][ep 56/1000][TIMESTEP 430]: 430.0
INFO:Logger:[TRAIN][ep 57/1000][TIMESTEP 335]: 335.0
INFO:Logger:[TRAIN][ep 58/1000][TIMESTEP 340]: 340.0
INFO:Logger:[TRAIN][ep 59/1000][TIMESTEP 368]: 368.0
INFO:Logger:[TRAIN][ep 60/1000][TIMESTEP 395]: 395.0
INFO:Logger:[TRAIN][ep 61/1000][TIMESTEP 391]: 391.0
INFO:Logger:[TRAIN][ep 62/1000][TIMESTEP 500]: 500.0
INFO:Logger:[TRAIN][ep 63/1000][TIMESTEP 350]: 350.0
INFO:Logger:[TRAIN][ep 64/1000][TIMESTEP 316]: 316.0
INFO:Logger:[TRAIN][ep 65/1000][TIMESTEP 338]: 338.0
INFO:Logger:[TRAIN][ep 66/1000][TIMESTEP 333]: 333.0
INFO:Logger:[TRAIN][ep 67/1000][TIMESTEP 332]: 332.0
INFO:Logger:[TRAIN][ep 68/1000][TIMESTEP 269]: 269.0
INFO:Logger:[TRAIN][ep 69/1000][TIMESTEP 339]: 339.0
INFO:Logger:[TRAIN][ep 70/1000][TIMESTEP 303]: 303.0
INFO:Logger:[TRAIN][ep 71/1000][TIMESTEP 314]: 314.0
INFO:Logger:[TRAIN][ep 72/1000][TIMESTEP 307]: 307.0
INFO:Logger:[TRAIN][ep 73/1000][TIMESTEP 292]: 292.0
INFO:Logger:[TRAIN][ep 74/1000][TIMESTEP 268]: 268.0
INFO:Logger:[TRAIN][ep 75/1000][TIMESTEP 301]: 301.0
INFO:Logger:[TRAIN][ep 76/1000][TIMESTEP 314]: 314.0
INFO:Logger:[TRAIN][ep 77/1000][TIMESTEP 330]: 330.0
INFO:Logger:[TRAIN][ep 78/1000][TIMESTEP 265]: 265.0
INFO:Logger:[TRAIN][ep 79/1000][TIMESTEP 304]: 304.0
INFO:Logger:[TRAIN][ep 80/1000][TIMESTEP 307]: 307.0
INFO:Logger:[TRAIN][ep 81/1000][TIMESTEP 264]: 264.0
INFO:Logger:[TRAIN][ep 82/1000][TIMESTEP 259]: 259.0
INFO:Logger:[TRAIN][ep 83/1000][TIMESTEP 300]: 300.0
INFO:Logger:[TRAIN][ep 84/1000][TIMESTEP 279]: 279.0
INFO:Logger:[TRAIN][ep 85/1000][TIMESTEP 298]: 298.0
INFO:Logger:[TRAIN][ep 86/1000][TIMESTEP 241]: 241.0
INFO:Logger:[TRAIN][ep 87/1000][TIMESTEP 269]: 269.0
INFO:Logger:[TRAIN][ep 88/1000][TIMESTEP 258]: 258.0
INFO:Logger:[TRAIN][ep 89/1000][TIMESTEP 214]: 214.0
INFO:Logger:[TRAIN][ep 90/1000][TIMESTEP 252]: 252.0
INFO:Logger:[TRAIN][ep 91/1000][TIMESTEP 218]: 218.0
INFO:Logger:[TRAIN][ep 92/1000][TIMESTEP 282]: 282.0
INFO:Logger:[TRAIN][ep 93/1000][TIMESTEP 269]: 269.0
INFO:Logger:[TRAIN][ep 94/1000][TIMESTEP 255]: 255.0
INFO:Logger:[TRAIN][ep 95/1000][TIMESTEP 221]: 221.0
INFO:Logger:[TRAIN][ep 96/1000][TIMESTEP 268]: 268.0
INFO:Logger:[TRAIN][ep 97/1000][TIMESTEP 286]: 286.0
INFO:Logger:[TRAIN][ep 98/1000][TIMESTEP 104]: 104.0
INFO:Logger:[TRAIN][ep 99/1000][TIMESTEP 179]: 179.0
INFO:Logger:[TRAIN][ep 100/1000][TIMESTEP 229]: 229.0
INFO:Logger:[TRAIN][ep 101/1000][TIMESTEP 241]: 241.0
INFO:Logger:[TRAIN][ep 102/1000][TIMESTEP 254]: 254.0
INFO:Logger:[TRAIN][ep 103/1000][TIMESTEP 222]: 222.0
INFO:Logger:[TRAIN][ep 104/1000][TIMESTEP 202]: 202.0
INFO:Logger:[TRAIN][ep 105/1000][TIMESTEP 255]: 255.0
INFO:Logger:[TRAIN][ep 106/1000][TIMESTEP 340]: 340.0
INFO:Logger:[TRAIN][ep 107/1000][TIMESTEP 203]: 203.0
INFO:Logger:[TRAIN][ep 108/1000][TIMESTEP 213]: 213.0
INFO:Logger:[TRAIN][ep 109/1000][TIMESTEP 281]: 281.0
INFO:Logger:[TRAIN][ep 110/1000][TIMESTEP 229]: 229.0
INFO:Logger:[TRAIN][ep 111/1000][TIMESTEP 265]: 265.0
INFO:Logger:[TRAIN][ep 112/1000][TIMESTEP 246]: 246.0
INFO:Logger:[TRAIN][ep 113/1000][TIMESTEP 229]: 229.0
INFO:Logger:[TRAIN][ep 114/1000][TIMESTEP 234]: 234.0
INFO:Logger:[TRAIN][ep 115/1000][TIMESTEP 278]: 278.0
INFO:Logger:[TRAIN][ep 116/1000][TIMESTEP 246]: 246.0
INFO:Logger:[TRAIN][ep 117/1000][TIMESTEP 256]: 256.0
INFO:Logger:[TRAIN][ep 118/1000][TIMESTEP 248]: 248.0
INFO:Logger:[TRAIN][ep 119/1000][TIMESTEP 249]: 249.0
INFO:Logger:[TRAIN][ep 120/1000][TIMESTEP 244]: 244.0
INFO:Logger:[TRAIN][ep 121/1000][TIMESTEP 238]: 238.0
INFO:Logger:[TRAIN][ep 122/1000][TIMESTEP 264]: 264.0
INFO:Logger:[TRAIN][ep 123/1000][TIMESTEP 191]: 191.0
INFO:Logger:[TRAIN][ep 124/1000][TIMESTEP 252]: 252.0
INFO:Logger:[TRAIN][ep 125/1000][TIMESTEP 213]: 213.0
INFO:Logger:[TRAIN][ep 126/1000][TIMESTEP 234]: 234.0
INFO:Logger:[TRAIN][ep 127/1000][TIMESTEP 219]: 219.0
INFO:Logger:[TRAIN][ep 128/1000][TIMESTEP 219]: 219.0
INFO:Logger:[TRAIN][ep 129/1000][TIMESTEP 240]: 240.0
INFO:Logger:[TRAIN][ep 130/1000][TIMESTEP 221]: 221.0
INFO:Logger:[TRAIN][ep 131/1000][TIMESTEP 221]: 221.0
INFO:Logger:[TRAIN][ep 132/1000][TIMESTEP 239]: 239.0
INFO:Logger:[TRAIN][ep 133/1000][TIMESTEP 17]: 17.0
INFO:Logger:[TRAIN][ep 134/1000][TIMESTEP 180]: 180.0
INFO:Logger:[TRAIN][ep 135/1000][TIMESTEP 144]: 144.0
INFO:Logger:[TRAIN][ep 136/1000][TIMESTEP 15]: 15.0
INFO:Logger:[TRAIN][ep 137/1000][TIMESTEP 19]: 19.0
INFO:Logger:[TRAIN][ep 138/1000][TIMESTEP 218]: 218.0
INFO:Logger:[TRAIN][ep 139/1000][TIMESTEP 223]: 223.0
INFO:Logger:[TRAIN][ep 140/1000][TIMESTEP 226]: 226.0
INFO:Logger:[TRAIN][ep 141/1000][TIMESTEP 186]: 186.0
INFO:Logger:[TRAIN][ep 142/1000][TIMESTEP 215]: 215.0
INFO:Logger:[TRAIN][ep 143/1000][TIMESTEP 257]: 257.0
INFO:Logger:[TRAIN][ep 144/1000][TIMESTEP 218]: 218.0
INFO:Logger:[TRAIN][ep 145/1000][TIMESTEP 216]: 216.0
INFO:Logger:[TRAIN][ep 146/1000][TIMESTEP 214]: 214.0
INFO:Logger:[TRAIN][ep 147/1000][TIMESTEP 20]: 20.0
INFO:Logger:[TRAIN][ep 148/1000][TIMESTEP 203]: 203.0
INFO:Logger:[TRAIN][ep 149/1000][TIMESTEP 224]: 224.0
INFO:Logger:[TRAIN][ep 150/1000][TIMESTEP 191]: 191.0
INFO:Logger:[TRAIN][ep 151/1000][TIMESTEP 220]: 220.0
INFO:Logger:[TRAIN][ep 152/1000][TIMESTEP 205]: 205.0
INFO:Logger:[TRAIN][ep 153/1000][TIMESTEP 194]: 194.0
INFO:Logger:[TRAIN][ep 154/1000][TIMESTEP 214]: 214.0
INFO:Logger:[TRAIN][ep 155/1000][TIMESTEP 222]: 222.0
INFO:Logger:[TRAIN][ep 156/1000][TIMESTEP 208]: 208.0
INFO:Logger:[TRAIN][ep 157/1000][TIMESTEP 24]: 24.0
INFO:Logger:[TRAIN][ep 158/1000][TIMESTEP 28]: 28.0
INFO:Logger:[TRAIN][ep 159/1000][TIMESTEP 23]: 23.0
INFO:Logger:[TRAIN][ep 160/1000][TIMESTEP 14]: 14.0
INFO:Logger:[TRAIN][ep 161/1000][TIMESTEP 14]: 14.0
INFO:Logger:[TRAIN][ep 162/1000][TIMESTEP 9]: 9.0
INFO:Logger:[TRAIN][ep 163/1000][TIMESTEP 17]: 17.0
INFO:Logger:[TRAIN][ep 164/1000][TIMESTEP 18]: 18.0
INFO:Logger:[TRAIN][ep 165/1000][TIMESTEP 13]: 13.0
INFO:Logger:[TRAIN][ep 166/1000][TIMESTEP 189]: 189.0
INFO:Logger:[TRAIN][ep 167/1000][TIMESTEP 225]: 225.0
INFO:Logger:[TRAIN][ep 168/1000][TIMESTEP 215]: 215.0
INFO:Logger:[TRAIN][ep 169/1000][TIMESTEP 227]: 227.0
INFO:Logger:[TRAIN][ep 170/1000][TIMESTEP 220]: 220.0
INFO:Logger:[TRAIN][ep 171/1000][TIMESTEP 216]: 216.0
INFO:Logger:[TRAIN][ep 172/1000][TIMESTEP 235]: 235.0
INFO:Logger:[TRAIN][ep 173/1000][TIMESTEP 185]: 185.0
INFO:Logger:[TRAIN][ep 174/1000][TIMESTEP 241]: 241.0
INFO:Logger:[TRAIN][ep 175/1000][TIMESTEP 225]: 225.0
INFO:Logger:[TRAIN][ep 176/1000][TIMESTEP 189]: 189.0
INFO:Logger:[TRAIN][ep 177/1000][TIMESTEP 64]: 64.0
INFO:Logger:[TRAIN][ep 178/1000][TIMESTEP 243]: 243.0
INFO:Logger:[TRAIN][ep 179/1000][TIMESTEP 241]: 241.0
INFO:Logger:[TRAIN][ep 180/1000][TIMESTEP 223]: 223.0
INFO:Logger:[TRAIN][ep 181/1000][TIMESTEP 182]: 182.0
INFO:Logger:[TRAIN][ep 182/1000][TIMESTEP 29]: 29.0
INFO:Logger:[TRAIN][ep 183/1000][TIMESTEP 13]: 13.0
INFO:Logger:[TRAIN][ep 184/1000][TIMESTEP 12]: 12.0
INFO:Logger:[TRAIN][ep 185/1000][TIMESTEP 14]: 14.0
INFO:Logger:[TRAIN][ep 186/1000][TIMESTEP 18]: 18.0
INFO:Logger:[TRAIN][ep 187/1000][TIMESTEP 24]: 24.0
INFO:Logger:[TRAIN][ep 188/1000][TIMESTEP 23]: 23.0
INFO:Logger:[TRAIN][ep 189/1000][TIMESTEP 26]: 26.0
INFO:Logger:[TRAIN][ep 190/1000][TIMESTEP 13]: 13.0
INFO:Logger:[TRAIN][ep 191/1000][TIMESTEP 13]: 13.0
INFO:Logger:[TRAIN][ep 192/1000][TIMESTEP 84]: 84.0
INFO:Logger:[TRAIN][ep 193/1000][TIMESTEP 17]: 17.0
INFO:Logger:[TRAIN][ep 194/1000][TIMESTEP 77]: 77.0
INFO:Logger:[TRAIN][ep 195/1000][TIMESTEP 140]: 140.0
INFO:Logger:[TRAIN][ep 196/1000][TIMESTEP 268]: 268.0
INFO:Logger:[TRAIN][ep 197/1000][TIMESTEP 254]: 254.0
INFO:Logger:[TRAIN][ep 198/1000][TIMESTEP 317]: 317.0
INFO:Logger:[TRAIN][ep 199/1000][TIMESTEP 445]: 445.0
INFO:Logger:[TRAIN][ep 200/1000][TIMESTEP 349]: 349.0
INFO:Logger:[TRAIN][ep 201/1000][TIMESTEP 326]: 326.0
INFO:Logger:[TRAIN][ep 202/1000][TIMESTEP 448]: 448.0
INFO:Logger:[TRAIN][ep 203/1000][TIMESTEP 500]: 500.0
INFO:Logger:[TRAIN][ep 204/1000][TIMESTEP 361]: 361.0
INFO:Logger:[TRAIN][ep 205/1000][TIMESTEP 500]: 500.0
INFO:Logger:[TRAIN][ep 206/1000][TIMESTEP 146]: 146.0
INFO:Logger:[TRAIN][ep 207/1000][TIMESTEP 78]: 78.0
INFO:Logger:[TRAIN][ep 208/1000][TIMESTEP 77]: 77.0
INFO:Logger:[TRAIN][ep 209/1000][TIMESTEP 58]: 58.0
INFO:Logger:[TRAIN][ep 210/1000][TIMESTEP 107]: 107.0
INFO:Logger:[TRAIN][ep 211/1000][TIMESTEP 70]: 70.0
INFO:Logger:[TRAIN][ep 212/1000][TIMESTEP 39]: 39.0
INFO:Logger:[TRAIN][ep 213/1000][TIMESTEP 27]: 27.0
INFO:Logger:[TRAIN][ep 214/1000][TIMESTEP 42]: 42.0
INFO:Logger:[TRAIN][ep 215/1000][TIMESTEP 42]: 42.0
INFO:Logger:[TRAIN][ep 216/1000][TIMESTEP 15]: 15.0
INFO:Logger:[TRAIN][ep 217/1000][TIMESTEP 46]: 46.0
INFO:Logger:[TRAIN][ep 218/1000][TIMESTEP 106]: 106.0
INFO:Logger:[TRAIN][ep 219/1000][TIMESTEP 47]: 47.0
INFO:Logger:[TRAIN][ep 220/1000][TIMESTEP 97]: 97.0
INFO:Logger:[TRAIN][ep 221/1000][TIMESTEP 36]: 36.0
INFO:Logger:[TRAIN][ep 222/1000][TIMESTEP 31]: 31.0
INFO:Logger:[TRAIN][ep 223/1000][TIMESTEP 30]: 30.0
INFO:Logger:[TRAIN][ep 224/1000][TIMESTEP 48]: 48.0
INFO:Logger:[TRAIN][ep 225/1000][TIMESTEP 47]: 47.0
INFO:Logger:[TRAIN][ep 226/1000][TIMESTEP 38]: 38.0
INFO:Logger:[TRAIN][ep 227/1000][TIMESTEP 42]: 42.0
INFO:Logger:[TRAIN][ep 228/1000][TIMESTEP 102]: 102.0
INFO:Logger:[TRAIN][ep 229/1000][TIMESTEP 73]: 73.0
INFO:Logger:[TRAIN][ep 230/1000][TIMESTEP 39]: 39.0
INFO:Logger:[TRAIN][ep 231/1000][TIMESTEP 62]: 62.0
INFO:Logger:[TRAIN][ep 232/1000][TIMESTEP 80]: 80.0
INFO:Logger:[TRAIN][ep 233/1000][TIMESTEP 142]: 142.0
INFO:Logger:[TRAIN][ep 234/1000][TIMESTEP 45]: 45.0
INFO:Logger:[TRAIN][ep 235/1000][TIMESTEP 31]: 31.0
INFO:Logger:[TRAIN][ep 236/1000][TIMESTEP 42]: 42.0
INFO:Logger:[TRAIN][ep 237/1000][TIMESTEP 52]: 52.0
INFO:Logger:[TRAIN][ep 238/1000][TIMESTEP 42]: 42.0
INFO:Logger:[TRAIN][ep 239/1000][TIMESTEP 24]: 24.0
INFO:Logger:[TRAIN][ep 240/1000][TIMESTEP 22]: 22.0
INFO:Logger:[TRAIN][ep 241/1000][TIMESTEP 75]: 75.0
INFO:Logger:[TRAIN][ep 242/1000][TIMESTEP 43]: 43.0
INFO:Logger:[TRAIN][ep 243/1000][TIMESTEP 89]: 89.0
INFO:Logger:[TRAIN][ep 244/1000][TIMESTEP 57]: 57.0
INFO:Logger:[TRAIN][ep 245/1000][TIMESTEP 80]: 80.0
INFO:Logger:[TRAIN][ep 246/1000][TIMESTEP 70]: 70.0
INFO:Logger:[TRAIN][ep 247/1000][TIMESTEP 35]: 35.0
INFO:Logger:[TRAIN][ep 248/1000][TIMESTEP 48]: 48.0
INFO:Logger:[TRAIN][ep 249/1000][TIMESTEP 67]: 67.0
INFO:Logger:[TRAIN][ep 250/1000][TIMESTEP 38]: 38.0
INFO:Logger:[TRAIN][ep 251/1000][TIMESTEP 111]: 111.0
INFO:Logger:[TRAIN][ep 252/1000][TIMESTEP 57]: 57.0
INFO:Logger:[TRAIN][ep 253/1000][TIMESTEP 69]: 69.0
INFO:Logger:[TRAIN][ep 254/1000][TIMESTEP 42]: 42.0
INFO:Logger:[TRAIN][ep 255/1000][TIMESTEP 80]: 80.0
INFO:Logger:[TRAIN][ep 256/1000][TIMESTEP 90]: 90.0
INFO:Logger:[TRAIN][ep 257/1000][TIMESTEP 73]: 73.0
INFO:Logger:[TRAIN][ep 258/1000][TIMESTEP 96]: 96.0
INFO:Logger:[TRAIN][ep 259/1000][TIMESTEP 52]: 52.0
INFO:Logger:[TRAIN][ep 260/1000][TIMESTEP 108]: 108.0
INFO:Logger:[TRAIN][ep 261/1000][TIMESTEP 99]: 99.0
INFO:Logger:[TRAIN][ep 262/1000][TIMESTEP 153]: 153.0
INFO:Logger:[TRAIN][ep 263/1000][TIMESTEP 92]: 92.0
INFO:Logger:[TRAIN][ep 264/1000][TIMESTEP 82]: 82.0
INFO:Logger:[TRAIN][ep 265/1000][TIMESTEP 233]: 233.0
INFO:Logger:[TRAIN][ep 266/1000][TIMESTEP 114]: 114.0
INFO:Logger:[TRAIN][ep 267/1000][TIMESTEP 126]: 126.0
INFO:Logger:[TRAIN][ep 268/1000][TIMESTEP 119]: 119.0
INFO:Logger:[TRAIN][ep 269/1000][TIMESTEP 277]: 277.0
INFO:Logger:[TRAIN][ep 270/1000][TIMESTEP 176]: 176.0
INFO:Logger:[TRAIN][ep 271/1000][TIMESTEP 229]: 229.0
INFO:Logger:[TRAIN][ep 272/1000][TIMESTEP 100]: 100.0
INFO:Logger:[TRAIN][ep 273/1000][TIMESTEP 158]: 158.0
INFO:Logger:[TRAIN][ep 274/1000][TIMESTEP 83]: 83.0
INFO:Logger:[TRAIN][ep 275/1000][TIMESTEP 259]: 259.0
INFO:Logger:[TRAIN][ep 276/1000][TIMESTEP 17]: 17.0
INFO:Logger:[TRAIN][ep 277/1000][TIMESTEP 27]: 27.0
INFO:Logger:[TRAIN][ep 278/1000][TIMESTEP 37]: 37.0
INFO:Logger:[TRAIN][ep 279/1000][TIMESTEP 25]: 25.0
INFO:Logger:[TRAIN][ep 280/1000][TIMESTEP 350]: 350.0
INFO:Logger:[TRAIN][ep 281/1000][TIMESTEP 249]: 249.0
INFO:Logger:[TRAIN][ep 282/1000][TIMESTEP 203]: 203.0
INFO:Logger:[TRAIN][ep 283/1000][TIMESTEP 333]: 333.0
INFO:Logger:[TRAIN][ep 284/1000][TIMESTEP 166]: 166.0
INFO:Logger:[TRAIN][ep 285/1000][TIMESTEP 169]: 169.0
INFO:Logger:[TRAIN][ep 286/1000][TIMESTEP 180]: 180.0
INFO:Logger:[TRAIN][ep 287/1000][TIMESTEP 173]: 173.0
INFO:Logger:[TRAIN][ep 288/1000][TIMESTEP 39]: 39.0
INFO:Logger:[TRAIN][ep 289/1000][TIMESTEP 128]: 128.0
INFO:Logger:[TRAIN][ep 290/1000][TIMESTEP 154]: 154.0
INFO:Logger:[TRAIN][ep 291/1000][TIMESTEP 173]: 173.0
INFO:Logger:[TRAIN][ep 292/1000][TIMESTEP 40]: 40.0
INFO:Logger:[TRAIN][ep 293/1000][TIMESTEP 19]: 19.0
INFO:Logger:[TRAIN][ep 294/1000][TIMESTEP 153]: 153.0
INFO:Logger:[TRAIN][ep 295/1000][TIMESTEP 148]: 148.0
INFO:Logger:[TRAIN][ep 296/1000][TIMESTEP 15]: 15.0
INFO:Logger:[TRAIN][ep 297/1000][TIMESTEP 24]: 24.0
INFO:Logger:[TRAIN][ep 298/1000][TIMESTEP 147]: 147.0
INFO:Logger:[TRAIN][ep 299/1000][TIMESTEP 28]: 28.0
INFO:Logger:[TRAIN][ep 300/1000][TIMESTEP 19]: 19.0
INFO:Logger:[TRAIN][ep 301/1000][TIMESTEP 15]: 15.0
INFO:Logger:[TRAIN][ep 302/1000][TIMESTEP 15]: 15.0
INFO:Logger:[TRAIN][ep 303/1000][TIMESTEP 15]: 15.0
INFO:Logger:[TRAIN][ep 304/1000][TIMESTEP 15]: 15.0
INFO:Logger:[TRAIN][ep 305/1000][TIMESTEP 51]: 51.0
INFO:Logger:[TRAIN][ep 306/1000][TIMESTEP 190]: 190.0
INFO:Logger:[TRAIN][ep 307/1000][TIMESTEP 68]: 68.0
INFO:Logger:[TRAIN][ep 308/1000][TIMESTEP 186]: 186.0
INFO:Logger:[TRAIN][ep 309/1000][TIMESTEP 253]: 253.0
INFO:Logger:[TRAIN][ep 310/1000][TIMESTEP 349]: 349.0
INFO:Logger:[TRAIN][ep 311/1000][TIMESTEP 32]: 32.0
INFO:Logger:[TRAIN][ep 312/1000][TIMESTEP 22]: 22.0
INFO:Logger:[TRAIN][ep 313/1000][TIMESTEP 53]: 53.0
INFO:Logger:[TRAIN][ep 314/1000][TIMESTEP 385]: 385.0
INFO:Logger:[TRAIN][ep 315/1000][TIMESTEP 63]: 63.0
INFO:Logger:[TRAIN][ep 316/1000][TIMESTEP 244]: 244.0
INFO:Logger:[TRAIN][ep 317/1000][TIMESTEP 82]: 82.0
INFO:Logger:[TRAIN][ep 318/1000][TIMESTEP 302]: 302.0
INFO:Logger:[TRAIN][ep 319/1000][TIMESTEP 33]: 33.0
INFO:Logger:[TRAIN][ep 320/1000][TIMESTEP 22]: 22.0
INFO:Logger:[TRAIN][ep 321/1000][TIMESTEP 110]: 110.0
INFO:Logger:[TRAIN][ep 322/1000][TIMESTEP 123]: 123.0
INFO:Logger:[TRAIN][ep 323/1000][TIMESTEP 367]: 367.0
INFO:Logger:[TRAIN][ep 324/1000][TIMESTEP 318]: 318.0
INFO:Logger:[TRAIN][ep 325/1000][TIMESTEP 356]: 356.0
INFO:Logger:[TRAIN][ep 326/1000][TIMESTEP 191]: 191.0
INFO:Logger:[TRAIN][ep 327/1000][TIMESTEP 64]: 64.0
INFO:Logger:[TRAIN][ep 328/1000][TIMESTEP 442]: 442.0
INFO:Logger:[TRAIN][ep 329/1000][TIMESTEP 76]: 76.0
INFO:Logger:[TRAIN][ep 330/1000][TIMESTEP 120]: 120.0
INFO:Logger:[TRAIN][ep 331/1000][TIMESTEP 66]: 66.0
INFO:Logger:[TRAIN][ep 332/1000][TIMESTEP 151]: 151.0
INFO:Logger:[TRAIN][ep 333/1000][TIMESTEP 45]: 45.0
INFO:Logger:[TRAIN][ep 334/1000][TIMESTEP 15]: 15.0
INFO:Logger:[TRAIN][ep 335/1000][TIMESTEP 11]: 11.0
INFO:Logger:[TRAIN][ep 336/1000][TIMESTEP 14]: 14.0
INFO:Logger:[TRAIN][ep 337/1000][TIMESTEP 31]: 31.0
INFO:Logger:[TRAIN][ep 338/1000][TIMESTEP 9]: 9.0
INFO:Logger:[TRAIN][ep 339/1000][TIMESTEP 9]: 9.0
INFO:Logger:[TRAIN][ep 340/1000][TIMESTEP 10]: 10.0
INFO:Logger:[TRAIN][ep 341/1000][TIMESTEP 20]: 20.0
INFO:Logger:[TRAIN][ep 342/1000][TIMESTEP 13]: 13.0
INFO:Logger:[TRAIN][ep 343/1000][TIMESTEP 81]: 81.0
INFO:Logger:[TRAIN][ep 344/1000][TIMESTEP 13]: 13.0
INFO:Logger:[TRAIN][ep 345/1000][TIMESTEP 11]: 11.0
INFO:Logger:[TRAIN][ep 346/1000][TIMESTEP 85]: 85.0
INFO:Logger:[TRAIN][ep 347/1000][TIMESTEP 12]: 12.0
INFO:Logger:[TRAIN][ep 348/1000][TIMESTEP 29]: 29.0
INFO:Logger:[TRAIN][ep 349/1000][TIMESTEP 14]: 14.0
INFO:Logger:[TRAIN][ep 350/1000][TIMESTEP 145]: 145.0
INFO:Logger:[TRAIN][ep 351/1000][TIMESTEP 185]: 185.0
INFO:Logger:[TRAIN][ep 352/1000][TIMESTEP 167]: 167.0
INFO:Logger:[TRAIN][ep 353/1000][TIMESTEP 173]: 173.0
INFO:Logger:[TRAIN][ep 354/1000][TIMESTEP 54]: 54.0
INFO:Logger:[TRAIN][ep 355/1000][TIMESTEP 103]: 103.0
INFO:Logger:[TRAIN][ep 356/1000][TIMESTEP 55]: 55.0
INFO:Logger:[TRAIN][ep 357/1000][TIMESTEP 248]: 248.0
INFO:Logger:[TRAIN][ep 358/1000][TIMESTEP 500]: 500.0
INFO:Logger:[TRAIN][ep 359/1000][TIMESTEP 327]: 327.0
INFO:Logger:[TRAIN][ep 360/1000][TIMESTEP 65]: 65.0
INFO:Logger:[TRAIN][ep 361/1000][TIMESTEP 14]: 14.0
INFO:Logger:[TRAIN][ep 362/1000][TIMESTEP 14]: 14.0
INFO:Logger:[TRAIN][ep 363/1000][TIMESTEP 219]: 219.0
INFO:Logger:[TRAIN][ep 364/1000][TIMESTEP 20]: 20.0
INFO:Logger:[TRAIN][ep 365/1000][TIMESTEP 17]: 17.0
INFO:Logger:[TRAIN][ep 366/1000][TIMESTEP 500]: 500.0
INFO:Logger:[TRAIN][ep 367/1000][TIMESTEP 132]: 132.0
INFO:Logger:[TRAIN][ep 368/1000][TIMESTEP 91]: 91.0
INFO:Logger:[TRAIN][ep 369/1000][TIMESTEP 71]: 71.0
INFO:Logger:[TRAIN][ep 370/1000][TIMESTEP 159]: 159.0
INFO:Logger:[TRAIN][ep 371/1000][TIMESTEP 82]: 82.0
INFO:Logger:[TRAIN][ep 372/1000][TIMESTEP 70]: 70.0
INFO:Logger:[TRAIN][ep 373/1000][TIMESTEP 14]: 14.0
INFO:Logger:[TRAIN][ep 374/1000][TIMESTEP 32]: 32.0
INFO:Logger:[TRAIN][ep 375/1000][TIMESTEP 244]: 244.0
INFO:Logger:[TRAIN][ep 376/1000][TIMESTEP 133]: 133.0
INFO:Logger:[TRAIN][ep 377/1000][TIMESTEP 16]: 16.0
INFO:Logger:[TRAIN][ep 378/1000][TIMESTEP 12]: 12.0
INFO:Logger:[TRAIN][ep 379/1000][TIMESTEP 9]: 9.0
INFO:Logger:[TRAIN][ep 380/1000][TIMESTEP 12]: 12.0
INFO:Logger:[TRAIN][ep 381/1000][TIMESTEP 10]: 10.0
INFO:Logger:[TRAIN][ep 382/1000][TIMESTEP 9]: 9.0
INFO:Logger:[TRAIN][ep 383/1000][TIMESTEP 10]: 10.0
INFO:Logger:[TRAIN][ep 384/1000][TIMESTEP 11]: 11.0
INFO:Logger:[TRAIN][ep 385/1000][TIMESTEP 9]: 9.0
INFO:Logger:[TRAIN][ep 386/1000][TIMESTEP 11]: 11.0
INFO:Logger:[TRAIN][ep 387/1000][TIMESTEP 9]: 9.0
INFO:Logger:[TRAIN][ep 388/1000][TIMESTEP 10]: 10.0
INFO:Logger:[TRAIN][ep 389/1000][TIMESTEP 12]: 12.0
INFO:Logger:[TRAIN][ep 390/1000][TIMESTEP 72]: 72.0
INFO:Logger:[TRAIN][ep 391/1000][TIMESTEP 12]: 12.0
INFO:Logger:[TRAIN][ep 392/1000][TIMESTEP 12]: 12.0
INFO:Logger:[TRAIN][ep 393/1000][TIMESTEP 17]: 17.0
INFO:Logger:[TRAIN][ep 394/1000][TIMESTEP 13]: 13.0
INFO:Logger:[TRAIN][ep 395/1000][TIMESTEP 98]: 98.0
INFO:Logger:[TRAIN][ep 396/1000][TIMESTEP 16]: 16.0
INFO:Logger:[TRAIN][ep 397/1000][TIMESTEP 15]: 15.0
INFO:Logger:[TRAIN][ep 398/1000][TIMESTEP 10]: 10.0
INFO:Logger:[TRAIN][ep 399/1000][TIMESTEP 65]: 65.0
INFO:Logger:[TRAIN][ep 400/1000][TIMESTEP 32]: 32.0
INFO:Logger:[TRAIN][ep 401/1000][TIMESTEP 194]: 194.0
INFO:Logger:[TRAIN][ep 402/1000][TIMESTEP 135]: 135.0
INFO:Logger:[TRAIN][ep 403/1000][TIMESTEP 21]: 21.0
INFO:Logger:[TRAIN][ep 404/1000][TIMESTEP 52]: 52.0
INFO:Logger:[TRAIN][ep 405/1000][TIMESTEP 63]: 63.0
INFO:Logger:[TRAIN][ep 406/1000][TIMESTEP 15]: 15.0
INFO:Logger:[TRAIN][ep 407/1000][TIMESTEP 26]: 26.0
INFO:Logger:[TRAIN][ep 408/1000][TIMESTEP 128]: 128.0
INFO:Logger:[TRAIN][ep 409/1000][TIMESTEP 23]: 23.0
INFO:Logger:[TRAIN][ep 410/1000][TIMESTEP 201]: 201.0
INFO:Logger:[TRAIN][ep 411/1000][TIMESTEP 20]: 20.0
INFO:Logger:[TRAIN][ep 412/1000][TIMESTEP 16]: 16.0
INFO:Logger:[TRAIN][ep 413/1000][TIMESTEP 18]: 18.0
INFO:Logger:[TRAIN][ep 414/1000][TIMESTEP 14]: 14.0
INFO:Logger:[TRAIN][ep 415/1000][TIMESTEP 27]: 27.0
INFO:Logger:[TRAIN][ep 416/1000][TIMESTEP 25]: 25.0
INFO:Logger:[TRAIN][ep 417/1000][TIMESTEP 11]: 11.0
INFO:Logger:[TRAIN][ep 418/1000][TIMESTEP 15]: 15.0
INFO:Logger:[TRAIN][ep 419/1000][TIMESTEP 231]: 231.0
INFO:Logger:[TRAIN][ep 420/1000][TIMESTEP 252]: 252.0
INFO:Logger:[TRAIN][ep 421/1000][TIMESTEP 376]: 376.0
INFO:Logger:[TRAIN][ep 422/1000][TIMESTEP 23]: 23.0
INFO:Logger:[TRAIN][ep 423/1000][TIMESTEP 122]: 122.0
INFO:Logger:[TRAIN][ep 424/1000][TIMESTEP 216]: 216.0
INFO:Logger:[TRAIN][ep 425/1000][TIMESTEP 231]: 231.0
INFO:Logger:[TRAIN][ep 426/1000][TIMESTEP 16]: 16.0
INFO:Logger:[TRAIN][ep 427/1000][TIMESTEP 17]: 17.0
INFO:Logger:[TRAIN][ep 428/1000][TIMESTEP 15]: 15.0
INFO:Logger:[TRAIN][ep 429/1000][TIMESTEP 17]: 17.0
INFO:Logger:[TRAIN][ep 430/1000][TIMESTEP 13]: 13.0
INFO:Logger:[TRAIN][ep 431/1000][TIMESTEP 19]: 19.0
INFO:Logger:[TRAIN][ep 432/1000][TIMESTEP 18]: 18.0
INFO:Logger:[TRAIN][ep 433/1000][TIMESTEP 19]: 19.0
INFO:Logger:[TRAIN][ep 434/1000][TIMESTEP 12]: 12.0
INFO:Logger:[TRAIN][ep 435/1000][TIMESTEP 141]: 141.0
INFO:Logger:[TRAIN][ep 436/1000][TIMESTEP 120]: 120.0
INFO:Logger:[TRAIN][ep 437/1000][TIMESTEP 11]: 11.0
INFO:Logger:[TRAIN][ep 438/1000][TIMESTEP 14]: 14.0
INFO:Logger:[TRAIN][ep 439/1000][TIMESTEP 82]: 82.0
INFO:Logger:[TRAIN][ep 440/1000][TIMESTEP 12]: 12.0
INFO:Logger:[TRAIN][ep 441/1000][TIMESTEP 19]: 19.0
INFO:Logger:[TRAIN][ep 442/1000][TIMESTEP 24]: 24.0
INFO:Logger:[TRAIN][ep 443/1000][TIMESTEP 222]: 222.0
INFO:Logger:[TRAIN][ep 444/1000][TIMESTEP 17]: 17.0
INFO:Logger:[TRAIN][ep 445/1000][TIMESTEP 17]: 17.0
INFO:Logger:[TRAIN][ep 446/1000][TIMESTEP 22]: 22.0
INFO:Logger:[TRAIN][ep 447/1000][TIMESTEP 141]: 141.0
INFO:Logger:[TRAIN][ep 448/1000][TIMESTEP 123]: 123.0
INFO:Logger:[TRAIN][ep 449/1000][TIMESTEP 172]: 172.0
INFO:Logger:[TRAIN][ep 450/1000][TIMESTEP 170]: 170.0
INFO:Logger:[TRAIN][ep 451/1000][TIMESTEP 60]: 60.0
INFO:Logger:[TRAIN][ep 452/1000][TIMESTEP 15]: 15.0
INFO:Logger:[TRAIN][ep 453/1000][TIMESTEP 188]: 188.0
INFO:Logger:[TRAIN][ep 454/1000][TIMESTEP 70]: 70.0
INFO:Logger:[TRAIN][ep 455/1000][TIMESTEP 149]: 149.0
INFO:Logger:[TRAIN][ep 456/1000][TIMESTEP 17]: 17.0
INFO:Logger:[TRAIN][ep 457/1000][TIMESTEP 28]: 28.0
INFO:Logger:[TRAIN][ep 458/1000][TIMESTEP 10]: 10.0
INFO:Logger:[TRAIN][ep 459/1000][TIMESTEP 24]: 24.0
INFO:Logger:[TRAIN][ep 460/1000][TIMESTEP 17]: 17.0
INFO:Logger:[TRAIN][ep 461/1000][TIMESTEP 11]: 11.0
INFO:Logger:[TRAIN][ep 462/1000][TIMESTEP 127]: 127.0
INFO:Logger:[TRAIN][ep 463/1000][TIMESTEP 32]: 32.0
INFO:Logger:[TRAIN][ep 464/1000][TIMESTEP 147]: 147.0
INFO:Logger:[TRAIN][ep 465/1000][TIMESTEP 9]: 9.0
INFO:Logger:[TRAIN][ep 466/1000][TIMESTEP 351]: 351.0
INFO:Logger:[TRAIN][ep 467/1000][TIMESTEP 13]: 13.0
INFO:Logger:[TRAIN][ep 468/1000][TIMESTEP 16]: 16.0
INFO:Logger:[TRAIN][ep 469/1000][TIMESTEP 13]: 13.0
INFO:Logger:[TRAIN][ep 470/1000][TIMESTEP 11]: 11.0
INFO:Logger:[TRAIN][ep 471/1000][TIMESTEP 17]: 17.0
INFO:Logger:[TRAIN][ep 472/1000][TIMESTEP 55]: 55.0
INFO:Logger:[TRAIN][ep 473/1000][TIMESTEP 211]: 211.0
INFO:Logger:[TRAIN][ep 474/1000][TIMESTEP 46]: 46.0
INFO:Logger:[TRAIN][ep 475/1000][TIMESTEP 18]: 18.0
INFO:Logger:[TRAIN][ep 476/1000][TIMESTEP 131]: 131.0
INFO:Logger:[TRAIN][ep 477/1000][TIMESTEP 19]: 19.0
INFO:Logger:[TRAIN][ep 478/1000][TIMESTEP 21]: 21.0
INFO:Logger:[TRAIN][ep 479/1000][TIMESTEP 20]: 20.0
INFO:Logger:[TRAIN][ep 480/1000][TIMESTEP 29]: 29.0
INFO:Logger:[TRAIN][ep 481/1000][TIMESTEP 24]: 24.0
INFO:Logger:[TRAIN][ep 482/1000][TIMESTEP 15]: 15.0
INFO:Logger:[TRAIN][ep 483/1000][TIMESTEP 25]: 25.0
INFO:Logger:[TRAIN][ep 484/1000][TIMESTEP 78]: 78.0
INFO:Logger:[TRAIN][ep 485/1000][TIMESTEP 19]: 19.0
INFO:Logger:[TRAIN][ep 486/1000][TIMESTEP 48]: 48.0
INFO:Logger:[TRAIN][ep 487/1000][TIMESTEP 21]: 21.0
INFO:Logger:[TRAIN][ep 488/1000][TIMESTEP 13]: 13.0
INFO:Logger:[TRAIN][ep 489/1000][TIMESTEP 21]: 21.0
INFO:Logger:[TRAIN][ep 490/1000][TIMESTEP 80]: 80.0
INFO:Logger:[TRAIN][ep 491/1000][TIMESTEP 10]: 10.0
INFO:Logger:[TRAIN][ep 492/1000][TIMESTEP 9]: 9.0
INFO:Logger:[TRAIN][ep 493/1000][TIMESTEP 11]: 11.0
INFO:Logger:[TRAIN][ep 494/1000][TIMESTEP 10]: 10.0
INFO:Logger:[TRAIN][ep 495/1000][TIMESTEP 14]: 14.0
INFO:Logger:[TRAIN][ep 496/1000][TIMESTEP 23]: 23.0
INFO:Logger:[TRAIN][ep 497/1000][TIMESTEP 32]: 32.0
INFO:Logger:[TRAIN][ep 498/1000][TIMESTEP 61]: 61.0
INFO:Logger:[TRAIN][ep 499/1000][TIMESTEP 33]: 33.0
INFO:Logger:[TRAIN][ep 500/1000][TIMESTEP 59]: 59.0
INFO:Logger:[TRAIN][ep 501/1000][TIMESTEP 168]: 168.0
INFO:Logger:[TRAIN][ep 502/1000][TIMESTEP 11]: 11.0
INFO:Logger:[TRAIN][ep 503/1000][TIMESTEP 12]: 12.0
INFO:Logger:[TRAIN][ep 504/1000][TIMESTEP 11]: 11.0
INFO:Logger:[TRAIN][ep 505/1000][TIMESTEP 98]: 98.0
INFO:Logger:[TRAIN][ep 506/1000][TIMESTEP 47]: 47.0
INFO:Logger:[TRAIN][ep 507/1000][TIMESTEP 160]: 160.0
INFO:Logger:[TRAIN][ep 508/1000][TIMESTEP 18]: 18.0
INFO:Logger:[TRAIN][ep 509/1000][TIMESTEP 12]: 12.0
INFO:Logger:[TRAIN][ep 510/1000][TIMESTEP 9]: 9.0
INFO:Logger:[TRAIN][ep 511/1000][TIMESTEP 12]: 12.0
INFO:Logger:[TRAIN][ep 512/1000][TIMESTEP 13]: 13.0
INFO:Logger:[TRAIN][ep 513/1000][TIMESTEP 10]: 10.0
INFO:Logger:[TRAIN][ep 514/1000][TIMESTEP 10]: 10.0
INFO:Logger:[TRAIN][ep 515/1000][TIMESTEP 18]: 18.0
INFO:Logger:[TRAIN][ep 516/1000][TIMESTEP 9]: 9.0
INFO:Logger:[TRAIN][ep 517/1000][TIMESTEP 11]: 11.0
INFO:Logger:[TRAIN][ep 518/1000][TIMESTEP 15]: 15.0
INFO:Logger:[TRAIN][ep 519/1000][TIMESTEP 12]: 12.0
INFO:Logger:[TRAIN][ep 520/1000][TIMESTEP 15]: 15.0
INFO:Logger:[TRAIN][ep 521/1000][TIMESTEP 13]: 13.0
INFO:Logger:[TRAIN][ep 522/1000][TIMESTEP 27]: 27.0
INFO:Logger:[TRAIN][ep 523/1000][TIMESTEP 78]: 78.0
INFO:Logger:[TRAIN][ep 524/1000][TIMESTEP 13]: 13.0
INFO:Logger:[TRAIN][ep 525/1000][TIMESTEP 9]: 9.0
INFO:Logger:[TRAIN][ep 526/1000][TIMESTEP 20]: 20.0
INFO:Logger:[TRAIN][ep 527/1000][TIMESTEP 13]: 13.0
INFO:Logger:[TRAIN][ep 528/1000][TIMESTEP 12]: 12.0
INFO:Logger:[TRAIN][ep 529/1000][TIMESTEP 29]: 29.0
INFO:Logger:[TRAIN][ep 530/1000][TIMESTEP 13]: 13.0
INFO:Logger:[TRAIN][ep 531/1000][TIMESTEP 14]: 14.0
INFO:Logger:[TRAIN][ep 532/1000][TIMESTEP 9]: 9.0
INFO:Logger:[TRAIN][ep 533/1000][TIMESTEP 10]: 10.0
INFO:Logger:[TRAIN][ep 534/1000][TIMESTEP 10]: 10.0
INFO:Logger:[TRAIN][ep 535/1000][TIMESTEP 51]: 51.0
INFO:Logger:[TRAIN][ep 536/1000][TIMESTEP 25]: 25.0
INFO:Logger:[TRAIN][ep 537/1000][TIMESTEP 22]: 22.0
INFO:Logger:[TRAIN][ep 538/1000][TIMESTEP 29]: 29.0
INFO:Logger:[TRAIN][ep 539/1000][TIMESTEP 33]: 33.0
INFO:Logger:[TRAIN][ep 540/1000][TIMESTEP 8]: 8.0
INFO:Logger:[TRAIN][ep 541/1000][TIMESTEP 37]: 37.0
INFO:Logger:[TRAIN][ep 542/1000][TIMESTEP 17]: 17.0
INFO:Logger:[TRAIN][ep 543/1000][TIMESTEP 10]: 10.0
INFO:Logger:[TRAIN][ep 544/1000][TIMESTEP 8]: 8.0
INFO:Logger:[TRAIN][ep 545/1000][TIMESTEP 32]: 32.0
INFO:Logger:[TRAIN][ep 546/1000][TIMESTEP 11]: 11.0
INFO:Logger:[TRAIN][ep 547/1000][TIMESTEP 9]: 9.0
INFO:Logger:[TRAIN][ep 548/1000][TIMESTEP 11]: 11.0
INFO:Logger:[TRAIN][ep 549/1000][TIMESTEP 19]: 19.0
INFO:Logger:[TRAIN][ep 550/1000][TIMESTEP 34]: 34.0
INFO:Logger:[TRAIN][ep 551/1000][TIMESTEP 14]: 14.0
INFO:Logger:[TRAIN][ep 552/1000][TIMESTEP 12]: 12.0
INFO:Logger:[TRAIN][ep 553/1000][TIMESTEP 10]: 10.0
INFO:Logger:[TRAIN][ep 554/1000][TIMESTEP 12]: 12.0
INFO:Logger:[TRAIN][ep 555/1000][TIMESTEP 30]: 30.0
INFO:Logger:[TRAIN][ep 556/1000][TIMESTEP 19]: 19.0
INFO:Logger:[TRAIN][ep 557/1000][TIMESTEP 37]: 37.0
INFO:Logger:[TRAIN][ep 558/1000][TIMESTEP 49]: 49.0
INFO:Logger:[TRAIN][ep 559/1000][TIMESTEP 15]: 15.0
INFO:Logger:[TRAIN][ep 560/1000][TIMESTEP 13]: 13.0
INFO:Logger:[TRAIN][ep 561/1000][TIMESTEP 17]: 17.0
INFO:Logger:[TRAIN][ep 562/1000][TIMESTEP 44]: 44.0
INFO:Logger:[TRAIN][ep 563/1000][TIMESTEP 45]: 45.0
INFO:Logger:[TRAIN][ep 564/1000][TIMESTEP 65]: 65.0
INFO:Logger:[TRAIN][ep 565/1000][TIMESTEP 59]: 59.0
INFO:Logger:[TRAIN][ep 566/1000][TIMESTEP 27]: 27.0
INFO:Logger:[TRAIN][ep 567/1000][TIMESTEP 34]: 34.0
INFO:Logger:[TRAIN][ep 568/1000][TIMESTEP 65]: 65.0
INFO:Logger:[TRAIN][ep 569/1000][TIMESTEP 45]: 45.0
INFO:Logger:[TRAIN][ep 570/1000][TIMESTEP 17]: 17.0
INFO:Logger:[TRAIN][ep 571/1000][TIMESTEP 10]: 10.0
INFO:Logger:[TRAIN][ep 572/1000][TIMESTEP 8]: 8.0
INFO:Logger:[TRAIN][ep 573/1000][TIMESTEP 9]: 9.0
INFO:Logger:[TRAIN][ep 574/1000][TIMESTEP 12]: 12.0
INFO:Logger:[TRAIN][ep 575/1000][TIMESTEP 17]: 17.0
INFO:Logger:[TRAIN][ep 576/1000][TIMESTEP 14]: 14.0
INFO:Logger:[TRAIN][ep 577/1000][TIMESTEP 95]: 95.0
INFO:Logger:[TRAIN][ep 578/1000][TIMESTEP 20]: 20.0
INFO:Logger:[TRAIN][ep 579/1000][TIMESTEP 10]: 10.0
INFO:Logger:[TRAIN][ep 580/1000][TIMESTEP 11]: 11.0
INFO:Logger:[TRAIN][ep 581/1000][TIMESTEP 9]: 9.0
INFO:Logger:[TRAIN][ep 582/1000][TIMESTEP 10]: 10.0
INFO:Logger:[TRAIN][ep 583/1000][TIMESTEP 10]: 10.0
INFO:Logger:[TRAIN][ep 584/1000][TIMESTEP 22]: 22.0
INFO:Logger:[TRAIN][ep 585/1000][TIMESTEP 11]: 11.0
INFO:Logger:[TRAIN][ep 586/1000][TIMESTEP 37]: 37.0
INFO:Logger:[TRAIN][ep 587/1000][TIMESTEP 123]: 123.0
INFO:Logger:[TRAIN][ep 588/1000][TIMESTEP 11]: 11.0
INFO:Logger:[TRAIN][ep 589/1000][TIMESTEP 13]: 13.0
INFO:Logger:[TRAIN][ep 590/1000][TIMESTEP 56]: 56.0
INFO:Logger:[TRAIN][ep 591/1000][TIMESTEP 31]: 31.0
INFO:Logger:[TRAIN][ep 592/1000][TIMESTEP 13]: 13.0
INFO:Logger:[TRAIN][ep 593/1000][TIMESTEP 64]: 64.0
INFO:Logger:[TRAIN][ep 594/1000][TIMESTEP 19]: 19.0
INFO:Logger:[TRAIN][ep 595/1000][TIMESTEP 14]: 14.0
INFO:Logger:[TRAIN][ep 596/1000][TIMESTEP 14]: 14.0
INFO:Logger:[TRAIN][ep 597/1000][TIMESTEP 31]: 31.0
INFO:Logger:[TRAIN][ep 598/1000][TIMESTEP 19]: 19.0
INFO:Logger:[TRAIN][ep 599/1000][TIMESTEP 72]: 72.0
INFO:Logger:[TRAIN][ep 600/1000][TIMESTEP 16]: 16.0
INFO:Logger:[TRAIN][ep 601/1000][TIMESTEP 25]: 25.0
INFO:Logger:[TRAIN][ep 602/1000][TIMESTEP 43]: 43.0
INFO:Logger:[TRAIN][ep 603/1000][TIMESTEP 69]: 69.0
INFO:Logger:[TRAIN][ep 604/1000][TIMESTEP 22]: 22.0
INFO:Logger:[TRAIN][ep 605/1000][TIMESTEP 14]: 14.0
INFO:Logger:[TRAIN][ep 606/1000][TIMESTEP 10]: 10.0
INFO:Logger:[TRAIN][ep 607/1000][TIMESTEP 33]: 33.0
INFO:Logger:[TRAIN][ep 608/1000][TIMESTEP 26]: 26.0
INFO:Logger:[TRAIN][ep 609/1000][TIMESTEP 30]: 30.0
INFO:Logger:[TRAIN][ep 610/1000][TIMESTEP 30]: 30.0
INFO:Logger:[TRAIN][ep 611/1000][TIMESTEP 95]: 95.0
INFO:Logger:[TRAIN][ep 612/1000][TIMESTEP 29]: 29.0
INFO:Logger:[TRAIN][ep 613/1000][TIMESTEP 12]: 12.0
INFO:Logger:[TRAIN][ep 614/1000][TIMESTEP 12]: 12.0
INFO:Logger:[TRAIN][ep 615/1000][TIMESTEP 10]: 10.0
INFO:Logger:[TRAIN][ep 616/1000][TIMESTEP 11]: 11.0
INFO:Logger:[TRAIN][ep 617/1000][TIMESTEP 15]: 15.0
INFO:Logger:[TRAIN][ep 618/1000][TIMESTEP 17]: 17.0
INFO:Logger:[TRAIN][ep 619/1000][TIMESTEP 108]: 108.0
INFO:Logger:[TRAIN][ep 620/1000][TIMESTEP 69]: 69.0
INFO:Logger:[TRAIN][ep 621/1000][TIMESTEP 18]: 18.0
INFO:Logger:[TRAIN][ep 622/1000][TIMESTEP 17]: 17.0
INFO:Logger:[TRAIN][ep 623/1000][TIMESTEP 51]: 51.0
INFO:Logger:[TRAIN][ep 624/1000][TIMESTEP 30]: 30.0
INFO:Logger:[TRAIN][ep 625/1000][TIMESTEP 71]: 71.0
INFO:Logger:[TRAIN][ep 626/1000][TIMESTEP 20]: 20.0
INFO:Logger:[TRAIN][ep 627/1000][TIMESTEP 17]: 17.0
INFO:Logger:[TRAIN][ep 628/1000][TIMESTEP 58]: 58.0
INFO:Logger:[TRAIN][ep 629/1000][TIMESTEP 30]: 30.0
INFO:Logger:[TRAIN][ep 630/1000][TIMESTEP 124]: 124.0
INFO:Logger:[TRAIN][ep 631/1000][TIMESTEP 67]: 67.0
INFO:Logger:[TRAIN][ep 632/1000][TIMESTEP 103]: 103.0
INFO:Logger:[TRAIN][ep 633/1000][TIMESTEP 20]: 20.0
INFO:Logger:[TRAIN][ep 634/1000][TIMESTEP 88]: 88.0
INFO:Logger:[TRAIN][ep 635/1000][TIMESTEP 143]: 143.0
INFO:Logger:[TRAIN][ep 636/1000][TIMESTEP 89]: 89.0
INFO:Logger:[TRAIN][ep 637/1000][TIMESTEP 30]: 30.0
INFO:Logger:[TRAIN][ep 638/1000][TIMESTEP 97]: 97.0
INFO:Logger:[TRAIN][ep 639/1000][TIMESTEP 165]: 165.0
INFO:Logger:[TRAIN][ep 640/1000][TIMESTEP 130]: 130.0
INFO:Logger:[TRAIN][ep 641/1000][TIMESTEP 222]: 222.0
INFO:Logger:[TRAIN][ep 642/1000][TIMESTEP 173]: 173.0
INFO:Logger:[TRAIN][ep 643/1000][TIMESTEP 142]: 142.0
INFO:Logger:[TRAIN][ep 644/1000][TIMESTEP 132]: 132.0
INFO:Logger:[TRAIN][ep 645/1000][TIMESTEP 185]: 185.0
INFO:Logger:[TRAIN][ep 646/1000][TIMESTEP 265]: 265.0
INFO:Logger:[TRAIN][ep 647/1000][TIMESTEP 283]: 283.0
INFO:Logger:[TRAIN][ep 648/1000][TIMESTEP 188]: 188.0
INFO:Logger:[TRAIN][ep 649/1000][TIMESTEP 312]: 312.0
INFO:Logger:[TRAIN][ep 650/1000][TIMESTEP 229]: 229.0
INFO:Logger:[TRAIN][ep 651/1000][TIMESTEP 73]: 73.0
INFO:Logger:[TRAIN][ep 652/1000][TIMESTEP 500]: 500.0
INFO:Logger:[TRAIN][ep 653/1000][TIMESTEP 450]: 450.0
INFO:Logger:[TRAIN][ep 654/1000][TIMESTEP 309]: 309.0
INFO:Logger:[TRAIN][ep 655/1000][TIMESTEP 177]: 177.0
INFO:Logger:[TRAIN][ep 656/1000][TIMESTEP 219]: 219.0
INFO:Logger:[TRAIN][ep 657/1000][TIMESTEP 201]: 201.0
INFO:Logger:[TRAIN][ep 658/1000][TIMESTEP 206]: 206.0
INFO:Logger:[TRAIN][ep 659/1000][TIMESTEP 257]: 257.0
INFO:Logger:[TRAIN][ep 660/1000][TIMESTEP 226]: 226.0
INFO:Logger:[TRAIN][ep 661/1000][TIMESTEP 263]: 263.0
INFO:Logger:[TRAIN][ep 662/1000][TIMESTEP 182]: 182.0
INFO:Logger:[TRAIN][ep 663/1000][TIMESTEP 210]: 210.0
INFO:Logger:[TRAIN][ep 664/1000][TIMESTEP 195]: 195.0
INFO:Logger:[TRAIN][ep 665/1000][TIMESTEP 222]: 222.0
INFO:Logger:[TRAIN][ep 666/1000][TIMESTEP 205]: 205.0
INFO:Logger:[TRAIN][ep 667/1000][TIMESTEP 205]: 205.0
INFO:Logger:[TRAIN][ep 668/1000][TIMESTEP 243]: 243.0
INFO:Logger:[TRAIN][ep 669/1000][TIMESTEP 200]: 200.0
INFO:Logger:[TRAIN][ep 670/1000][TIMESTEP 221]: 221.0
INFO:Logger:[TRAIN][ep 671/1000][TIMESTEP 221]: 221.0
INFO:Logger:[TRAIN][ep 672/1000][TIMESTEP 228]: 228.0
INFO:Logger:[TRAIN][ep 673/1000][TIMESTEP 242]: 242.0
INFO:Logger:[TRAIN][ep 674/1000][TIMESTEP 209]: 209.0
INFO:Logger:[TRAIN][ep 675/1000][TIMESTEP 209]: 209.0
INFO:Logger:[TRAIN][ep 676/1000][TIMESTEP 246]: 246.0
INFO:Logger:[TRAIN][ep 677/1000][TIMESTEP 189]: 189.0
INFO:Logger:[TRAIN][ep 678/1000][TIMESTEP 181]: 181.0
INFO:Logger:[TRAIN][ep 679/1000][TIMESTEP 217]: 217.0
INFO:Logger:[TRAIN][ep 680/1000][TIMESTEP 263]: 263.0
INFO:Logger:[TRAIN][ep 681/1000][TIMESTEP 283]: 283.0
INFO:Logger:[TRAIN][ep 682/1000][TIMESTEP 208]: 208.0
INFO:Logger:[TRAIN][ep 683/1000][TIMESTEP 188]: 188.0
INFO:Logger:[TRAIN][ep 684/1000][TIMESTEP 213]: 213.0
INFO:Logger:[TRAIN][ep 685/1000][TIMESTEP 301]: 301.0
INFO:Logger:[TRAIN][ep 686/1000][TIMESTEP 252]: 252.0
INFO:Logger:[TRAIN][ep 687/1000][TIMESTEP 302]: 302.0
INFO:Logger:[TRAIN][ep 688/1000][TIMESTEP 239]: 239.0
INFO:Logger:[TRAIN][ep 689/1000][TIMESTEP 262]: 262.0
INFO:Logger:[TRAIN][ep 690/1000][TIMESTEP 238]: 238.0
INFO:Logger:[TRAIN][ep 691/1000][TIMESTEP 239]: 239.0
INFO:Logger:[TRAIN][ep 692/1000][TIMESTEP 207]: 207.0
INFO:Logger:[TRAIN][ep 693/1000][TIMESTEP 350]: 350.0
INFO:Logger:[TRAIN][ep 694/1000][TIMESTEP 220]: 220.0
INFO:Logger:[TRAIN][ep 695/1000][TIMESTEP 215]: 215.0
INFO:Logger:[TRAIN][ep 696/1000][TIMESTEP 236]: 236.0
INFO:Logger:[TRAIN][ep 697/1000][TIMESTEP 228]: 228.0
INFO:Logger:[TRAIN][ep 698/1000][TIMESTEP 321]: 321.0
INFO:Logger:[TRAIN][ep 699/1000][TIMESTEP 281]: 281.0
INFO:Logger:[TRAIN][ep 700/1000][TIMESTEP 282]: 282.0
INFO:Logger:[TRAIN][ep 701/1000][TIMESTEP 278]: 278.0
INFO:Logger:[TRAIN][ep 702/1000][TIMESTEP 213]: 213.0
INFO:Logger:[TRAIN][ep 703/1000][TIMESTEP 231]: 231.0
INFO:Logger:[TRAIN][ep 704/1000][TIMESTEP 325]: 325.0
INFO:Logger:[TRAIN][ep 705/1000][TIMESTEP 242]: 242.0
INFO:Logger:[TRAIN][ep 706/1000][TIMESTEP 436]: 436.0
INFO:Logger:[TRAIN][ep 707/1000][TIMESTEP 225]: 225.0
INFO:Logger:[TRAIN][ep 708/1000][TIMESTEP 299]: 299.0
INFO:Logger:[TRAIN][ep 709/1000][TIMESTEP 260]: 260.0
INFO:Logger:[TRAIN][ep 710/1000][TIMESTEP 228]: 228.0
INFO:Logger:[TRAIN][ep 711/1000][TIMESTEP 229]: 229.0
INFO:Logger:[TRAIN][ep 712/1000][TIMESTEP 196]: 196.0
INFO:Logger:[TRAIN][ep 713/1000][TIMESTEP 193]: 193.0
INFO:Logger:[TRAIN][ep 714/1000][TIMESTEP 319]: 319.0
INFO:Logger:[TRAIN][ep 715/1000][TIMESTEP 229]: 229.0
INFO:Logger:[TRAIN][ep 716/1000][TIMESTEP 238]: 238.0
INFO:Logger:[TRAIN][ep 717/1000][TIMESTEP 228]: 228.0
INFO:Logger:[TRAIN][ep 718/1000][TIMESTEP 220]: 220.0
INFO:Logger:[TRAIN][ep 719/1000][TIMESTEP 245]: 245.0
INFO:Logger:[TRAIN][ep 720/1000][TIMESTEP 172]: 172.0
INFO:Logger:[TRAIN][ep 721/1000][TIMESTEP 239]: 239.0
INFO:Logger:[TRAIN][ep 722/1000][TIMESTEP 240]: 240.0
INFO:Logger:[TRAIN][ep 723/1000][TIMESTEP 261]: 261.0
INFO:Logger:[TRAIN][ep 724/1000][TIMESTEP 203]: 203.0
INFO:Logger:[TRAIN][ep 725/1000][TIMESTEP 216]: 216.0
INFO:Logger:[TRAIN][ep 726/1000][TIMESTEP 204]: 204.0
INFO:Logger:[TRAIN][ep 727/1000][TIMESTEP 385]: 385.0
INFO:Logger:[TRAIN][ep 728/1000][TIMESTEP 171]: 171.0
INFO:Logger:[TRAIN][ep 729/1000][TIMESTEP 302]: 302.0
INFO:Logger:[TRAIN][ep 730/1000][TIMESTEP 291]: 291.0
INFO:Logger:[TRAIN][ep 731/1000][TIMESTEP 283]: 283.0
INFO:Logger:[TRAIN][ep 732/1000][TIMESTEP 211]: 211.0
INFO:Logger:[TRAIN][ep 733/1000][TIMESTEP 177]: 177.0
INFO:Logger:[TRAIN][ep 734/1000][TIMESTEP 192]: 192.0
INFO:Logger:[TRAIN][ep 735/1000][TIMESTEP 201]: 201.0
INFO:Logger:[TRAIN][ep 736/1000][TIMESTEP 192]: 192.0
INFO:Logger:[TRAIN][ep 737/1000][TIMESTEP 211]: 211.0
INFO:Logger:[TRAIN][ep 738/1000][TIMESTEP 216]: 216.0
INFO:Logger:[TRAIN][ep 739/1000][TIMESTEP 217]: 217.0
INFO:Logger:[TRAIN][ep 740/1000][TIMESTEP 302]: 302.0
INFO:Logger:[TRAIN][ep 741/1000][TIMESTEP 204]: 204.0
INFO:Logger:[TRAIN][ep 742/1000][TIMESTEP 241]: 241.0
INFO:Logger:[TRAIN][ep 743/1000][TIMESTEP 227]: 227.0
INFO:Logger:[TRAIN][ep 744/1000][TIMESTEP 315]: 315.0
INFO:Logger:[TRAIN][ep 745/1000][TIMESTEP 158]: 158.0
INFO:Logger:[TRAIN][ep 746/1000][TIMESTEP 184]: 184.0
INFO:Logger:[TRAIN][ep 747/1000][TIMESTEP 205]: 205.0
INFO:Logger:[TRAIN][ep 748/1000][TIMESTEP 195]: 195.0
INFO:Logger:[TRAIN][ep 749/1000][TIMESTEP 165]: 165.0
INFO:Logger:[TRAIN][ep 750/1000][TIMESTEP 241]: 241.0
INFO:Logger:[TRAIN][ep 751/1000][TIMESTEP 204]: 204.0
INFO:Logger:[TRAIN][ep 752/1000][TIMESTEP 154]: 154.0
INFO:Logger:[TRAIN][ep 753/1000][TIMESTEP 223]: 223.0
INFO:Logger:[TRAIN][ep 754/1000][TIMESTEP 243]: 243.0
INFO:Logger:[TRAIN][ep 755/1000][TIMESTEP 165]: 165.0
INFO:Logger:[TRAIN][ep 756/1000][TIMESTEP 151]: 151.0
INFO:Logger:[TRAIN][ep 757/1000][TIMESTEP 172]: 172.0
INFO:Logger:[TRAIN][ep 758/1000][TIMESTEP 199]: 199.0
INFO:Logger:[TRAIN][ep 759/1000][TIMESTEP 180]: 180.0
INFO:Logger:[TRAIN][ep 760/1000][TIMESTEP 159]: 159.0
INFO:Logger:[TRAIN][ep 761/1000][TIMESTEP 212]: 212.0
INFO:Logger:[TRAIN][ep 762/1000][TIMESTEP 174]: 174.0
INFO:Logger:[TRAIN][ep 763/1000][TIMESTEP 148]: 148.0
INFO:Logger:[TRAIN][ep 764/1000][TIMESTEP 328]: 328.0
INFO:Logger:[TRAIN][ep 765/1000][TIMESTEP 178]: 178.0
INFO:Logger:[TRAIN][ep 766/1000][TIMESTEP 220]: 220.0
INFO:Logger:[TRAIN][ep 767/1000][TIMESTEP 161]: 161.0
INFO:Logger:[TRAIN][ep 768/1000][TIMESTEP 206]: 206.0
INFO:Logger:[TRAIN][ep 769/1000][TIMESTEP 156]: 156.0
INFO:Logger:[TRAIN][ep 770/1000][TIMESTEP 203]: 203.0
INFO:Logger:[TRAIN][ep 771/1000][TIMESTEP 181]: 181.0
INFO:Logger:[TRAIN][ep 772/1000][TIMESTEP 173]: 173.0
INFO:Logger:[TRAIN][ep 773/1000][TIMESTEP 271]: 271.0
INFO:Logger:[TRAIN][ep 774/1000][TIMESTEP 183]: 183.0
INFO:Logger:[TRAIN][ep 775/1000][TIMESTEP 150]: 150.0
INFO:Logger:[TRAIN][ep 776/1000][TIMESTEP 240]: 240.0
INFO:Logger:[TRAIN][ep 777/1000][TIMESTEP 199]: 199.0
INFO:Logger:[TRAIN][ep 778/1000][TIMESTEP 274]: 274.0
INFO:Logger:[TRAIN][ep 779/1000][TIMESTEP 156]: 156.0
INFO:Logger:[TRAIN][ep 780/1000][TIMESTEP 183]: 183.0
INFO:Logger:[TRAIN][ep 781/1000][TIMESTEP 184]: 184.0
INFO:Logger:[TRAIN][ep 782/1000][TIMESTEP 243]: 243.0
INFO:Logger:[TRAIN][ep 783/1000][TIMESTEP 239]: 239.0
INFO:Logger:[TRAIN][ep 784/1000][TIMESTEP 270]: 270.0
INFO:Logger:[TRAIN][ep 785/1000][TIMESTEP 192]: 192.0
INFO:Logger:[TRAIN][ep 786/1000][TIMESTEP 182]: 182.0
INFO:Logger:[TRAIN][ep 787/1000][TIMESTEP 142]: 142.0
INFO:Logger:[TRAIN][ep 788/1000][TIMESTEP 166]: 166.0
INFO:Logger:[TRAIN][ep 789/1000][TIMESTEP 163]: 163.0
INFO:Logger:[TRAIN][ep 790/1000][TIMESTEP 50]: 50.0
INFO:Logger:[TRAIN][ep 791/1000][TIMESTEP 169]: 169.0
INFO:Logger:[TRAIN][ep 792/1000][TIMESTEP 98]: 98.0
INFO:Logger:[TRAIN][ep 793/1000][TIMESTEP 12]: 12.0
INFO:Logger:[TRAIN][ep 794/1000][TIMESTEP 17]: 17.0
INFO:Logger:[TRAIN][ep 795/1000][TIMESTEP 12]: 12.0
INFO:Logger:[TRAIN][ep 796/1000][TIMESTEP 134]: 134.0
INFO:Logger:[TRAIN][ep 797/1000][TIMESTEP 143]: 143.0
INFO:Logger:[TRAIN][ep 798/1000][TIMESTEP 351]: 351.0
INFO:Logger:[TRAIN][ep 799/1000][TIMESTEP 320]: 320.0
INFO:Logger:[TRAIN][ep 800/1000][TIMESTEP 181]: 181.0
INFO:Logger:[TRAIN][ep 801/1000][TIMESTEP 132]: 132.0
INFO:Logger:[TRAIN][ep 802/1000][TIMESTEP 122]: 122.0
INFO:Logger:[TRAIN][ep 803/1000][TIMESTEP 158]: 158.0
INFO:Logger:[TRAIN][ep 804/1000][TIMESTEP 171]: 171.0
INFO:Logger:[TRAIN][ep 805/1000][TIMESTEP 182]: 182.0
INFO:Logger:[TRAIN][ep 806/1000][TIMESTEP 128]: 128.0
INFO:Logger:[TRAIN][ep 807/1000][TIMESTEP 137]: 137.0
INFO:Logger:[TRAIN][ep 808/1000][TIMESTEP 154]: 154.0
INFO:Logger:[TRAIN][ep 809/1000][TIMESTEP 212]: 212.0
INFO:Logger:[TRAIN][ep 810/1000][TIMESTEP 53]: 53.0
INFO:Logger:[TRAIN][ep 811/1000][TIMESTEP 154]: 154.0
INFO:Logger:[TRAIN][ep 812/1000][TIMESTEP 146]: 146.0
INFO:Logger:[TRAIN][ep 813/1000][TIMESTEP 176]: 176.0
INFO:Logger:[TRAIN][ep 814/1000][TIMESTEP 178]: 178.0
INFO:Logger:[TRAIN][ep 815/1000][TIMESTEP 132]: 132.0
INFO:Logger:[TRAIN][ep 816/1000][TIMESTEP 284]: 284.0
INFO:Logger:[TRAIN][ep 817/1000][TIMESTEP 154]: 154.0
INFO:Logger:[TRAIN][ep 818/1000][TIMESTEP 25]: 25.0
INFO:Logger:[TRAIN][ep 819/1000][TIMESTEP 147]: 147.0
INFO:Logger:[TRAIN][ep 820/1000][TIMESTEP 151]: 151.0
INFO:Logger:[TRAIN][ep 821/1000][TIMESTEP 125]: 125.0
INFO:Logger:[TRAIN][ep 822/1000][TIMESTEP 62]: 62.0
INFO:Logger:[TRAIN][ep 823/1000][TIMESTEP 209]: 209.0
INFO:Logger:[TRAIN][ep 824/1000][TIMESTEP 135]: 135.0
INFO:Logger:[TRAIN][ep 825/1000][TIMESTEP 112]: 112.0
INFO:Logger:[TRAIN][ep 826/1000][TIMESTEP 28]: 28.0
INFO:Logger:[TRAIN][ep 827/1000][TIMESTEP 171]: 171.0
INFO:Logger:[TRAIN][ep 828/1000][TIMESTEP 126]: 126.0
INFO:Logger:[TRAIN][ep 829/1000][TIMESTEP 30]: 30.0
INFO:Logger:[TRAIN][ep 830/1000][TIMESTEP 22]: 22.0
INFO:Logger:[TRAIN][ep 831/1000][TIMESTEP 15]: 15.0
INFO:Logger:[TRAIN][ep 832/1000][TIMESTEP 158]: 158.0
INFO:Logger:[TRAIN][ep 833/1000][TIMESTEP 205]: 205.0
INFO:Logger:[TRAIN][ep 834/1000][TIMESTEP 127]: 127.0
INFO:Logger:[TRAIN][ep 835/1000][TIMESTEP 158]: 158.0
INFO:Logger:[TRAIN][ep 836/1000][TIMESTEP 165]: 165.0
INFO:Logger:[TRAIN][ep 837/1000][TIMESTEP 164]: 164.0
INFO:Logger:[TRAIN][ep 838/1000][TIMESTEP 159]: 159.0
INFO:Logger:[TRAIN][ep 839/1000][TIMESTEP 132]: 132.0
INFO:Logger:[TRAIN][ep 840/1000][TIMESTEP 212]: 212.0
INFO:Logger:[TRAIN][ep 841/1000][TIMESTEP 127]: 127.0
INFO:Logger:[TRAIN][ep 842/1000][TIMESTEP 149]: 149.0
INFO:Logger:[TRAIN][ep 843/1000][TIMESTEP 121]: 121.0
INFO:Logger:[TRAIN][ep 844/1000][TIMESTEP 108]: 108.0
INFO:Logger:[TRAIN][ep 845/1000][TIMESTEP 154]: 154.0
INFO:Logger:[TRAIN][ep 846/1000][TIMESTEP 54]: 54.0
INFO:Logger:[TRAIN][ep 847/1000][TIMESTEP 34]: 34.0
INFO:Logger:[TRAIN][ep 848/1000][TIMESTEP 140]: 140.0
INFO:Logger:[TRAIN][ep 849/1000][TIMESTEP 74]: 74.0
INFO:Logger:[TRAIN][ep 850/1000][TIMESTEP 128]: 128.0
INFO:Logger:[TRAIN][ep 851/1000][TIMESTEP 179]: 179.0
INFO:Logger:[TRAIN][ep 852/1000][TIMESTEP 130]: 130.0
INFO:Logger:[TRAIN][ep 853/1000][TIMESTEP 111]: 111.0
INFO:Logger:[TRAIN][ep 854/1000][TIMESTEP 153]: 153.0
INFO:Logger:[TRAIN][ep 855/1000][TIMESTEP 140]: 140.0
INFO:Logger:[TRAIN][ep 856/1000][TIMESTEP 45]: 45.0
INFO:Logger:[TRAIN][ep 857/1000][TIMESTEP 117]: 117.0
INFO:Logger:[TRAIN][ep 858/1000][TIMESTEP 122]: 122.0
INFO:Logger:[TRAIN][ep 859/1000][TIMESTEP 221]: 221.0
INFO:Logger:[TRAIN][ep 860/1000][TIMESTEP 159]: 159.0
INFO:Logger:[TRAIN][ep 861/1000][TIMESTEP 11]: 11.0
INFO:Logger:[TRAIN][ep 862/1000][TIMESTEP 159]: 159.0
INFO:Logger:[TRAIN][ep 863/1000][TIMESTEP 141]: 141.0
INFO:Logger:[TRAIN][ep 864/1000][TIMESTEP 145]: 145.0
INFO:Logger:[TRAIN][ep 865/1000][TIMESTEP 113]: 113.0
INFO:Logger:[TRAIN][ep 866/1000][TIMESTEP 137]: 137.0
INFO:Logger:[TRAIN][ep 867/1000][TIMESTEP 113]: 113.0
INFO:Logger:[TRAIN][ep 868/1000][TIMESTEP 134]: 134.0
INFO:Logger:[TRAIN][ep 869/1000][TIMESTEP 133]: 133.0
INFO:Logger:[TRAIN][ep 870/1000][TIMESTEP 27]: 27.0
INFO:Logger:[TRAIN][ep 871/1000][TIMESTEP 18]: 18.0
INFO:Logger:[TRAIN][ep 872/1000][TIMESTEP 126]: 126.0
INFO:Logger:[TRAIN][ep 873/1000][TIMESTEP 124]: 124.0
INFO:Logger:[TRAIN][ep 874/1000][TIMESTEP 146]: 146.0
INFO:Logger:[TRAIN][ep 875/1000][TIMESTEP 149]: 149.0
INFO:Logger:[TRAIN][ep 876/1000][TIMESTEP 162]: 162.0
INFO:Logger:[TRAIN][ep 877/1000][TIMESTEP 125]: 125.0
INFO:Logger:[TRAIN][ep 878/1000][TIMESTEP 142]: 142.0
INFO:Logger:[TRAIN][ep 879/1000][TIMESTEP 147]: 147.0
INFO:Logger:[TRAIN][ep 880/1000][TIMESTEP 198]: 198.0
INFO:Logger:[TRAIN][ep 881/1000][TIMESTEP 52]: 52.0
INFO:Logger:[TRAIN][ep 882/1000][TIMESTEP 70]: 70.0
INFO:Logger:[TRAIN][ep 883/1000][TIMESTEP 234]: 234.0
INFO:Logger:[TRAIN][ep 884/1000][TIMESTEP 125]: 125.0
INFO:Logger:[TRAIN][ep 885/1000][TIMESTEP 123]: 123.0
INFO:Logger:[TRAIN][ep 886/1000][TIMESTEP 125]: 125.0
INFO:Logger:[TRAIN][ep 887/1000][TIMESTEP 98]: 98.0
INFO:Logger:[TRAIN][ep 888/1000][TIMESTEP 136]: 136.0
INFO:Logger:[TRAIN][ep 889/1000][TIMESTEP 182]: 182.0
INFO:Logger:[TRAIN][ep 890/1000][TIMESTEP 22]: 22.0
INFO:Logger:[TRAIN][ep 891/1000][TIMESTEP 139]: 139.0
INFO:Logger:[TRAIN][ep 892/1000][TIMESTEP 159]: 159.0
INFO:Logger:[TRAIN][ep 893/1000][TIMESTEP 38]: 38.0
INFO:Logger:[TRAIN][ep 894/1000][TIMESTEP 14]: 14.0
INFO:Logger:[TRAIN][ep 895/1000][TIMESTEP 15]: 15.0
INFO:Logger:[TRAIN][ep 896/1000][TIMESTEP 11]: 11.0
INFO:Logger:[TRAIN][ep 897/1000][TIMESTEP 24]: 24.0
INFO:Logger:[TRAIN][ep 898/1000][TIMESTEP 40]: 40.0
INFO:Logger:[TRAIN][ep 899/1000][TIMESTEP 11]: 11.0
INFO:Logger:[TRAIN][ep 900/1000][TIMESTEP 13]: 13.0
INFO:Logger:[TRAIN][ep 901/1000][TIMESTEP 13]: 13.0
INFO:Logger:[TRAIN][ep 902/1000][TIMESTEP 18]: 18.0
INFO:Logger:[TRAIN][ep 903/1000][TIMESTEP 106]: 106.0
INFO:Logger:[TRAIN][ep 904/1000][TIMESTEP 13]: 13.0
INFO:Logger:[TRAIN][ep 905/1000][TIMESTEP 189]: 189.0
INFO:Logger:[TRAIN][ep 906/1000][TIMESTEP 165]: 165.0
INFO:Logger:[TRAIN][ep 907/1000][TIMESTEP 12]: 12.0
INFO:Logger:[TRAIN][ep 908/1000][TIMESTEP 25]: 25.0
INFO:Logger:[TRAIN][ep 909/1000][TIMESTEP 19]: 19.0
INFO:Logger:[TRAIN][ep 910/1000][TIMESTEP 21]: 21.0
INFO:Logger:[TRAIN][ep 911/1000][TIMESTEP 10]: 10.0
INFO:Logger:[TRAIN][ep 912/1000][TIMESTEP 15]: 15.0
INFO:Logger:[TRAIN][ep 913/1000][TIMESTEP 21]: 21.0
INFO:Logger:[TRAIN][ep 914/1000][TIMESTEP 180]: 180.0
INFO:Logger:[TRAIN][ep 915/1000][TIMESTEP 29]: 29.0
INFO:Logger:[TRAIN][ep 916/1000][TIMESTEP 18]: 18.0
INFO:Logger:[TRAIN][ep 917/1000][TIMESTEP 105]: 105.0
INFO:Logger:[TRAIN][ep 918/1000][TIMESTEP 105]: 105.0
INFO:Logger:[TRAIN][ep 919/1000][TIMESTEP 114]: 114.0
INFO:Logger:[TRAIN][ep 920/1000][TIMESTEP 181]: 181.0
INFO:Logger:[TRAIN][ep 921/1000][TIMESTEP 124]: 124.0
INFO:Logger:[TRAIN][ep 922/1000][TIMESTEP 112]: 112.0
INFO:Logger:[TRAIN][ep 923/1000][TIMESTEP 143]: 143.0
INFO:Logger:[TRAIN][ep 924/1000][TIMESTEP 116]: 116.0
INFO:Logger:[TRAIN][ep 925/1000][TIMESTEP 109]: 109.0
INFO:Logger:[TRAIN][ep 926/1000][TIMESTEP 99]: 99.0
INFO:Logger:[TRAIN][ep 927/1000][TIMESTEP 120]: 120.0
INFO:Logger:[TRAIN][ep 928/1000][TIMESTEP 160]: 160.0
INFO:Logger:[TRAIN][ep 929/1000][TIMESTEP 41]: 41.0
INFO:Logger:[TRAIN][ep 930/1000][TIMESTEP 59]: 59.0
INFO:Logger:[TRAIN][ep 931/1000][TIMESTEP 28]: 28.0
INFO:Logger:[TRAIN][ep 932/1000][TIMESTEP 14]: 14.0
INFO:Logger:[TRAIN][ep 933/1000][TIMESTEP 51]: 51.0
INFO:Logger:[TRAIN][ep 934/1000][TIMESTEP 109]: 109.0
INFO:Logger:[TRAIN][ep 935/1000][TIMESTEP 31]: 31.0
INFO:Logger:[TRAIN][ep 936/1000][TIMESTEP 32]: 32.0
INFO:Logger:[TRAIN][ep 937/1000][TIMESTEP 33]: 33.0
INFO:Logger:[TRAIN][ep 938/1000][TIMESTEP 185]: 185.0
INFO:Logger:[TRAIN][ep 939/1000][TIMESTEP 12]: 12.0
INFO:Logger:[TRAIN][ep 940/1000][TIMESTEP 52]: 52.0
INFO:Logger:[TRAIN][ep 941/1000][TIMESTEP 125]: 125.0
INFO:Logger:[TRAIN][ep 942/1000][TIMESTEP 150]: 150.0
INFO:Logger:[TRAIN][ep 943/1000][TIMESTEP 59]: 59.0
INFO:Logger:[TRAIN][ep 944/1000][TIMESTEP 111]: 111.0
INFO:Logger:[TRAIN][ep 945/1000][TIMESTEP 124]: 124.0
INFO:Logger:[TRAIN][ep 946/1000][TIMESTEP 126]: 126.0
INFO:Logger:[TRAIN][ep 947/1000][TIMESTEP 11]: 11.0
INFO:Logger:[TRAIN][ep 948/1000][TIMESTEP 24]: 24.0
INFO:Logger:[TRAIN][ep 949/1000][TIMESTEP 54]: 54.0
INFO:Logger:[TRAIN][ep 950/1000][TIMESTEP 86]: 86.0
INFO:Logger:[TRAIN][ep 951/1000][TIMESTEP 45]: 45.0
INFO:Logger:[TRAIN][ep 952/1000][TIMESTEP 196]: 196.0
INFO:Logger:[TRAIN][ep 953/1000][TIMESTEP 193]: 193.0
INFO:Logger:[TRAIN][ep 954/1000][TIMESTEP 163]: 163.0
INFO:Logger:[TRAIN][ep 955/1000][TIMESTEP 124]: 124.0
INFO:Logger:[TRAIN][ep 956/1000][TIMESTEP 160]: 160.0
INFO:Logger:[TRAIN][ep 957/1000][TIMESTEP 117]: 117.0
INFO:Logger:[TRAIN][ep 958/1000][TIMESTEP 38]: 38.0
INFO:Logger:[TRAIN][ep 959/1000][TIMESTEP 22]: 22.0
INFO:Logger:[TRAIN][ep 960/1000][TIMESTEP 123]: 123.0
INFO:Logger:[TRAIN][ep 961/1000][TIMESTEP 156]: 156.0
INFO:Logger:[TRAIN][ep 962/1000][TIMESTEP 145]: 145.0
INFO:Logger:[TRAIN][ep 963/1000][TIMESTEP 166]: 166.0
INFO:Logger:[TRAIN][ep 964/1000][TIMESTEP 79]: 79.0
INFO:Logger:[TRAIN][ep 965/1000][TIMESTEP 20]: 20.0
INFO:Logger:[TRAIN][ep 966/1000][TIMESTEP 97]: 97.0
INFO:Logger:[TRAIN][ep 967/1000][TIMESTEP 11]: 11.0
INFO:Logger:[TRAIN][ep 968/1000][TIMESTEP 10]: 10.0
INFO:Logger:[TRAIN][ep 969/1000][TIMESTEP 107]: 107.0
INFO:Logger:[TRAIN][ep 970/1000][TIMESTEP 22]: 22.0
INFO:Logger:[TRAIN][ep 971/1000][TIMESTEP 34]: 34.0
INFO:Logger:[TRAIN][ep 972/1000][TIMESTEP 10]: 10.0
INFO:Logger:[TRAIN][ep 973/1000][TIMESTEP 193]: 193.0
INFO:Logger:[TRAIN][ep 974/1000][TIMESTEP 22]: 22.0
INFO:Logger:[TRAIN][ep 975/1000][TIMESTEP 122]: 122.0
INFO:Logger:[TRAIN][ep 976/1000][TIMESTEP 37]: 37.0
INFO:Logger:[TRAIN][ep 977/1000][TIMESTEP 18]: 18.0
INFO:Logger:[TRAIN][ep 978/1000][TIMESTEP 112]: 112.0
INFO:Logger:[TRAIN][ep 979/1000][TIMESTEP 11]: 11.0
INFO:Logger:[TRAIN][ep 980/1000][TIMESTEP 53]: 53.0
INFO:Logger:[TRAIN][ep 981/1000][TIMESTEP 113]: 113.0
INFO:Logger:[TRAIN][ep 982/1000][TIMESTEP 25]: 25.0
INFO:Logger:[TRAIN][ep 983/1000][TIMESTEP 18]: 18.0
INFO:Logger:[TRAIN][ep 984/1000][TIMESTEP 13]: 13.0
INFO:Logger:[TRAIN][ep 985/1000][TIMESTEP 21]: 21.0
INFO:Logger:[TRAIN][ep 986/1000][TIMESTEP 26]: 26.0
INFO:Logger:[TRAIN][ep 987/1000][TIMESTEP 131]: 131.0
INFO:Logger:[TRAIN][ep 988/1000][TIMESTEP 22]: 22.0
INFO:Logger:[TRAIN][ep 989/1000][TIMESTEP 76]: 76.0
INFO:Logger:[TRAIN][ep 990/1000][TIMESTEP 88]: 88.0
INFO:Logger:[TRAIN][ep 991/1000][TIMESTEP 106]: 106.0
INFO:Logger:[TRAIN][ep 992/1000][TIMESTEP 13]: 13.0
INFO:Logger:[TRAIN][ep 993/1000][TIMESTEP 24]: 24.0
INFO:Logger:[TRAIN][ep 994/1000][TIMESTEP 124]: 124.0
INFO:Logger:[TRAIN][ep 995/1000][TIMESTEP 80]: 80.0
INFO:Logger:[TRAIN][ep 996/1000][TIMESTEP 28]: 28.0
INFO:Logger:[TRAIN][ep 997/1000][TIMESTEP 17]: 17.0
INFO:Logger:[TRAIN][ep 998/1000][TIMESTEP 11]: 11.0
INFO:Logger:[TRAIN][ep 999/1000][TIMESTEP 19]: 19.0
INFO:Logger:[TRAIN][ep 1000/1000][TIMESTEP 11]: 11.0
INFO:Logger:[VALIDATION][ep 1/10][TIMESTEP 112]: 112.0
INFO:Logger:[VALIDATION][ep 2/10][TIMESTEP 110]: 110.0
INFO:Logger:[VALIDATION][ep 3/10][TIMESTEP 112]: 112.0
INFO:Logger:[VALIDATION][ep 4/10][TIMESTEP 117]: 117.0
INFO:Logger:[VALIDATION][ep 5/10][TIMESTEP 115]: 115.0
INFO:Logger:[VALIDATION][ep 6/10][TIMESTEP 118]: 118.0
INFO:Logger:[VALIDATION][ep 7/10][TIMESTEP 109]: 109.0
INFO:Logger:[VALIDATION][ep 8/10][TIMESTEP 115]: 115.0
INFO:Logger:[VALIDATION][ep 9/10][TIMESTEP 121]: 121.0
INFO:Logger:[VALIDATION][ep 10/10][TIMESTEP 113]: 113.0
INFO:Logger:Validation average rewards over 10 eps: 114.2
